<?xml version="1.0" encoding="UTF-8"?>
<testsuite xmlns:xsi="http://www.w3.org/2001/XMLSchema-instance" xsi:noNamespaceSchemaLocation="https://maven.apache.org/surefire/maven-surefire-plugin/xsd/surefire-test-report-3.0.xsd" version="3.0" name="com.mtr.springbootcamel.SpringbootCamelApplicationTests" time="6.837" tests="1" errors="0" skipped="0" failures="0">
  <properties>
    <property name="java.specification.version" value="17"/>
    <property name="sun.jnu.encoding" value="UTF-8"/>
    <property name="java.class.path" value="/Users/muthahar/Desktop/spring/springboot-camel/target/test-classes:/Users/muthahar/Desktop/spring/springboot-camel/target/classes:/Users/muthahar/.m2/repository/org/springframework/boot/spring-boot-starter-web/3.1.3/spring-boot-starter-web-3.1.3.jar:/Users/muthahar/.m2/repository/org/springframework/boot/spring-boot-starter/3.1.3/spring-boot-starter-3.1.3.jar:/Users/muthahar/.m2/repository/org/springframework/boot/spring-boot-starter-logging/3.1.3/spring-boot-starter-logging-3.1.3.jar:/Users/muthahar/.m2/repository/ch/qos/logback/logback-classic/1.4.11/logback-classic-1.4.11.jar:/Users/muthahar/.m2/repository/ch/qos/logback/logback-core/1.4.11/logback-core-1.4.11.jar:/Users/muthahar/.m2/repository/org/apache/logging/log4j/log4j-to-slf4j/2.20.0/log4j-to-slf4j-2.20.0.jar:/Users/muthahar/.m2/repository/org/apache/logging/log4j/log4j-api/2.20.0/log4j-api-2.20.0.jar:/Users/muthahar/.m2/repository/org/slf4j/jul-to-slf4j/2.0.7/jul-to-slf4j-2.0.7.jar:/Users/muthahar/.m2/repository/jakarta/annotation/jakarta.annotation-api/2.1.1/jakarta.annotation-api-2.1.1.jar:/Users/muthahar/.m2/repository/org/yaml/snakeyaml/1.33/snakeyaml-1.33.jar:/Users/muthahar/.m2/repository/org/springframework/boot/spring-boot-starter-json/3.1.3/spring-boot-starter-json-3.1.3.jar:/Users/muthahar/.m2/repository/com/fasterxml/jackson/core/jackson-databind/2.15.2/jackson-databind-2.15.2.jar:/Users/muthahar/.m2/repository/com/fasterxml/jackson/core/jackson-annotations/2.15.2/jackson-annotations-2.15.2.jar:/Users/muthahar/.m2/repository/com/fasterxml/jackson/core/jackson-core/2.15.2/jackson-core-2.15.2.jar:/Users/muthahar/.m2/repository/com/fasterxml/jackson/datatype/jackson-datatype-jdk8/2.15.2/jackson-datatype-jdk8-2.15.2.jar:/Users/muthahar/.m2/repository/com/fasterxml/jackson/datatype/jackson-datatype-jsr310/2.15.2/jackson-datatype-jsr310-2.15.2.jar:/Users/muthahar/.m2/repository/com/fasterxml/jackson/module/jackson-module-parameter-names/2.15.2/jackson-module-parameter-names-2.15.2.jar:/Users/muthahar/.m2/repository/org/springframework/boot/spring-boot-starter-tomcat/3.1.3/spring-boot-starter-tomcat-3.1.3.jar:/Users/muthahar/.m2/repository/org/apache/tomcat/embed/tomcat-embed-core/10.1.12/tomcat-embed-core-10.1.12.jar:/Users/muthahar/.m2/repository/org/apache/tomcat/embed/tomcat-embed-el/10.1.12/tomcat-embed-el-10.1.12.jar:/Users/muthahar/.m2/repository/org/apache/tomcat/embed/tomcat-embed-websocket/10.1.12/tomcat-embed-websocket-10.1.12.jar:/Users/muthahar/.m2/repository/org/springframework/spring-web/6.0.11/spring-web-6.0.11.jar:/Users/muthahar/.m2/repository/org/springframework/spring-beans/6.0.11/spring-beans-6.0.11.jar:/Users/muthahar/.m2/repository/io/micrometer/micrometer-observation/1.11.3/micrometer-observation-1.11.3.jar:/Users/muthahar/.m2/repository/io/micrometer/micrometer-commons/1.11.3/micrometer-commons-1.11.3.jar:/Users/muthahar/.m2/repository/org/springframework/spring-webmvc/6.0.11/spring-webmvc-6.0.11.jar:/Users/muthahar/.m2/repository/org/springframework/spring-aop/6.0.11/spring-aop-6.0.11.jar:/Users/muthahar/.m2/repository/org/springframework/spring-context/6.0.11/spring-context-6.0.11.jar:/Users/muthahar/.m2/repository/org/springframework/spring-expression/6.0.11/spring-expression-6.0.11.jar:/Users/muthahar/.m2/repository/org/apache/camel/springboot/camel-spring-boot-starter/4.0.0/camel-spring-boot-starter-4.0.0.jar:/Users/muthahar/.m2/repository/org/apache/camel/springboot/camel-spring-boot/4.0.0/camel-spring-boot-4.0.0.jar:/Users/muthahar/.m2/repository/org/apache/camel/camel-spring/4.0.0/camel-spring-4.0.0.jar:/Users/muthahar/.m2/repository/org/apache/camel/camel-management-api/4.0.0/camel-management-api-4.0.0.jar:/Users/muthahar/.m2/repository/org/springframework/spring-tx/6.0.11/spring-tx-6.0.11.jar:/Users/muthahar/.m2/repository/org/apache/camel/camel-spring-main/4.0.0/camel-spring-main-4.0.0.jar:/Users/muthahar/.m2/repository/org/apache/camel/camel-main/4.0.0/camel-main-4.0.0.jar:/Users/muthahar/.m2/repository/org/apache/camel/camel-base/4.0.0/camel-base-4.0.0.jar:/Users/muthahar/.m2/repository/org/apache/camel/camel-core-languages/4.0.0/camel-core-languages-4.0.0.jar:/Users/muthahar/.m2/repository/org/apache/camel/camel-util-json/4.0.0/camel-util-json-4.0.0.jar:/Users/muthahar/.m2/repository/org/apache/camel/camel-cloud/4.0.0/camel-cloud-4.0.0.jar:/Users/muthahar/.m2/repository/org/apache/camel/camel-core-model/4.0.0/camel-core-model-4.0.0.jar:/Users/muthahar/.m2/repository/org/apache/camel/camel-core-processor/4.0.0/camel-core-processor-4.0.0.jar:/Users/muthahar/.m2/repository/org/apache/camel/camel-cluster/4.0.0/camel-cluster-4.0.0.jar:/Users/muthahar/.m2/repository/org/apache/camel/camel-base-engine/4.0.0/camel-base-engine-4.0.0.jar:/Users/muthahar/.m2/repository/org/apache/camel/camel-health/4.0.0/camel-health-4.0.0.jar:/Users/muthahar/.m2/repository/org/apache/camel/springboot/camel-core-starter/4.0.0/camel-core-starter-4.0.0.jar:/Users/muthahar/.m2/repository/org/apache/camel/camel-core-engine/4.0.0/camel-core-engine-4.0.0.jar:/Users/muthahar/.m2/repository/org/apache/camel/camel-api/4.0.0/camel-api-4.0.0.jar:/Users/muthahar/.m2/repository/org/apache/camel/camel-core-reifier/4.0.0/camel-core-reifier-4.0.0.jar:/Users/muthahar/.m2/repository/org/apache/camel/camel-support/4.0.0/camel-support-4.0.0.jar:/Users/muthahar/.m2/repository/org/apache/camel/camel-util/4.0.0/camel-util-4.0.0.jar:/Users/muthahar/.m2/repository/org/apache/camel/springboot/camel-bean-starter/4.0.0/camel-bean-starter-4.0.0.jar:/Users/muthahar/.m2/repository/org/apache/camel/camel-bean/4.0.0/camel-bean-4.0.0.jar:/Users/muthahar/.m2/repository/org/apache/camel/springboot/camel-browse-starter/4.0.0/camel-browse-starter-4.0.0.jar:/Users/muthahar/.m2/repository/org/apache/camel/camel-browse/4.0.0/camel-browse-4.0.0.jar:/Users/muthahar/.m2/repository/org/apache/camel/springboot/camel-controlbus-starter/4.0.0/camel-controlbus-starter-4.0.0.jar:/Users/muthahar/.m2/repository/org/apache/camel/camel-controlbus/4.0.0/camel-controlbus-4.0.0.jar:/Users/muthahar/.m2/repository/org/apache/camel/springboot/camel-dataformat-starter/4.0.0/camel-dataformat-starter-4.0.0.jar:/Users/muthahar/.m2/repository/org/apache/camel/camel-dataformat/4.0.0/camel-dataformat-4.0.0.jar:/Users/muthahar/.m2/repository/org/apache/camel/springboot/camel-dataset-starter/4.0.0/camel-dataset-starter-4.0.0.jar:/Users/muthahar/.m2/repository/org/apache/camel/camel-dataset/4.0.0/camel-dataset-4.0.0.jar:/Users/muthahar/.m2/repository/org/apache/camel/springboot/camel-direct-starter/4.0.0/camel-direct-starter-4.0.0.jar:/Users/muthahar/.m2/repository/org/apache/camel/camel-direct/4.0.0/camel-direct-4.0.0.jar:/Users/muthahar/.m2/repository/org/apache/camel/springboot/camel-file-starter/4.0.0/camel-file-starter-4.0.0.jar:/Users/muthahar/.m2/repository/org/apache/camel/camel-file/4.0.0/camel-file-4.0.0.jar:/Users/muthahar/.m2/repository/org/apache/camel/springboot/camel-language-starter/4.0.0/camel-language-starter-4.0.0.jar:/Users/muthahar/.m2/repository/org/apache/camel/camel-language/4.0.0/camel-language-4.0.0.jar:/Users/muthahar/.m2/repository/org/apache/camel/springboot/camel-log-starter/4.0.0/camel-log-starter-4.0.0.jar:/Users/muthahar/.m2/repository/org/apache/camel/camel-log/4.0.0/camel-log-4.0.0.jar:/Users/muthahar/.m2/repository/org/apache/camel/springboot/camel-mock-starter/4.0.0/camel-mock-starter-4.0.0.jar:/Users/muthahar/.m2/repository/org/apache/camel/camel-mock/4.0.0/camel-mock-4.0.0.jar:/Users/muthahar/.m2/repository/org/apache/camel/springboot/camel-ref-starter/4.0.0/camel-ref-starter-4.0.0.jar:/Users/muthahar/.m2/repository/org/apache/camel/camel-ref/4.0.0/camel-ref-4.0.0.jar:/Users/muthahar/.m2/repository/org/apache/camel/springboot/camel-rest-starter/4.0.0/camel-rest-starter-4.0.0.jar:/Users/muthahar/.m2/repository/org/apache/camel/camel-rest/4.0.0/camel-rest-4.0.0.jar:/Users/muthahar/.m2/repository/org/apache/camel/camel-tooling-model/4.0.0/camel-tooling-model-4.0.0.jar:/Users/muthahar/.m2/repository/org/apache/camel/springboot/camel-saga-starter/4.0.0/camel-saga-starter-4.0.0.jar:/Users/muthahar/.m2/repository/org/apache/camel/camel-saga/4.0.0/camel-saga-4.0.0.jar:/Users/muthahar/.m2/repository/org/apache/camel/springboot/camel-scheduler-starter/4.0.0/camel-scheduler-starter-4.0.0.jar:/Users/muthahar/.m2/repository/org/apache/camel/camel-scheduler/4.0.0/camel-scheduler-4.0.0.jar:/Users/muthahar/.m2/repository/org/apache/camel/springboot/camel-seda-starter/4.0.0/camel-seda-starter-4.0.0.jar:/Users/muthahar/.m2/repository/org/apache/camel/camel-seda/4.0.0/camel-seda-4.0.0.jar:/Users/muthahar/.m2/repository/org/apache/camel/springboot/camel-stub-starter/4.0.0/camel-stub-starter-4.0.0.jar:/Users/muthahar/.m2/repository/org/apache/camel/camel-stub/4.0.0/camel-stub-4.0.0.jar:/Users/muthahar/.m2/repository/org/apache/camel/springboot/camel-timer-starter/4.0.0/camel-timer-starter-4.0.0.jar:/Users/muthahar/.m2/repository/org/apache/camel/camel-timer/4.0.0/camel-timer-4.0.0.jar:/Users/muthahar/.m2/repository/org/apache/camel/springboot/camel-validator-starter/4.0.0/camel-validator-starter-4.0.0.jar:/Users/muthahar/.m2/repository/org/apache/camel/camel-validator/4.0.0/camel-validator-4.0.0.jar:/Users/muthahar/.m2/repository/org/apache/camel/springboot/camel-xpath-starter/4.0.0/camel-xpath-starter-4.0.0.jar:/Users/muthahar/.m2/repository/org/apache/camel/camel-xpath/4.0.0/camel-xpath-4.0.0.jar:/Users/muthahar/.m2/repository/org/apache/camel/springboot/camel-xslt-starter/4.0.0/camel-xslt-starter-4.0.0.jar:/Users/muthahar/.m2/repository/org/apache/camel/camel-xslt/4.0.0/camel-xslt-4.0.0.jar:/Users/muthahar/.m2/repository/org/apache/camel/springboot/camel-xml-jaxp-starter/4.0.0/camel-xml-jaxp-starter-4.0.0.jar:/Users/muthahar/.m2/repository/org/apache/camel/camel-xml-jaxp/4.0.0/camel-xml-jaxp-4.0.0.jar:/Users/muthahar/.m2/repository/org/apache/camel/camel-xml-jaxp-util/4.0.0/camel-xml-jaxp-util-4.0.0.jar:/Users/muthahar/.m2/repository/org/apache/camel/camel-xml-io-util/4.0.0/camel-xml-io-util-4.0.0.jar:/Users/muthahar/.m2/repository/org/springframework/boot/spring-boot-devtools/3.1.3/spring-boot-devtools-3.1.3.jar:/Users/muthahar/.m2/repository/org/springframework/boot/spring-boot/3.1.3/spring-boot-3.1.3.jar:/Users/muthahar/.m2/repository/org/springframework/boot/spring-boot-autoconfigure/3.1.3/spring-boot-autoconfigure-3.1.3.jar:/Users/muthahar/.m2/repository/org/springframework/boot/spring-boot-starter-test/3.1.3/spring-boot-starter-test-3.1.3.jar:/Users/muthahar/.m2/repository/org/springframework/boot/spring-boot-test/3.1.3/spring-boot-test-3.1.3.jar:/Users/muthahar/.m2/repository/org/springframework/boot/spring-boot-test-autoconfigure/3.1.3/spring-boot-test-autoconfigure-3.1.3.jar:/Users/muthahar/.m2/repository/com/jayway/jsonpath/json-path/2.8.0/json-path-2.8.0.jar:/Users/muthahar/.m2/repository/org/slf4j/slf4j-api/2.0.7/slf4j-api-2.0.7.jar:/Users/muthahar/.m2/repository/jakarta/xml/bind/jakarta.xml.bind-api/4.0.0/jakarta.xml.bind-api-4.0.0.jar:/Users/muthahar/.m2/repository/jakarta/activation/jakarta.activation-api/2.1.2/jakarta.activation-api-2.1.2.jar:/Users/muthahar/.m2/repository/net/minidev/json-smart/2.4.11/json-smart-2.4.11.jar:/Users/muthahar/.m2/repository/net/minidev/accessors-smart/2.4.11/accessors-smart-2.4.11.jar:/Users/muthahar/.m2/repository/org/ow2/asm/asm/9.3/asm-9.3.jar:/Users/muthahar/.m2/repository/org/assertj/assertj-core/3.24.2/assertj-core-3.24.2.jar:/Users/muthahar/.m2/repository/net/bytebuddy/byte-buddy/1.14.6/byte-buddy-1.14.6.jar:/Users/muthahar/.m2/repository/org/hamcrest/hamcrest/2.2/hamcrest-2.2.jar:/Users/muthahar/.m2/repository/org/junit/jupiter/junit-jupiter/5.9.3/junit-jupiter-5.9.3.jar:/Users/muthahar/.m2/repository/org/junit/jupiter/junit-jupiter-api/5.9.3/junit-jupiter-api-5.9.3.jar:/Users/muthahar/.m2/repository/org/opentest4j/opentest4j/1.2.0/opentest4j-1.2.0.jar:/Users/muthahar/.m2/repository/org/junit/platform/junit-platform-commons/1.9.3/junit-platform-commons-1.9.3.jar:/Users/muthahar/.m2/repository/org/apiguardian/apiguardian-api/1.1.2/apiguardian-api-1.1.2.jar:/Users/muthahar/.m2/repository/org/junit/jupiter/junit-jupiter-params/5.9.3/junit-jupiter-params-5.9.3.jar:/Users/muthahar/.m2/repository/org/junit/jupiter/junit-jupiter-engine/5.9.3/junit-jupiter-engine-5.9.3.jar:/Users/muthahar/.m2/repository/org/junit/platform/junit-platform-engine/1.9.3/junit-platform-engine-1.9.3.jar:/Users/muthahar/.m2/repository/org/mockito/mockito-core/5.3.1/mockito-core-5.3.1.jar:/Users/muthahar/.m2/repository/net/bytebuddy/byte-buddy-agent/1.14.6/byte-buddy-agent-1.14.6.jar:/Users/muthahar/.m2/repository/org/objenesis/objenesis/3.3/objenesis-3.3.jar:/Users/muthahar/.m2/repository/org/mockito/mockito-junit-jupiter/5.3.1/mockito-junit-jupiter-5.3.1.jar:/Users/muthahar/.m2/repository/org/skyscreamer/jsonassert/1.5.1/jsonassert-1.5.1.jar:/Users/muthahar/.m2/repository/com/vaadin/external/google/android-json/0.0.20131108.vaadin1/android-json-0.0.20131108.vaadin1.jar:/Users/muthahar/.m2/repository/org/springframework/spring-core/6.0.11/spring-core-6.0.11.jar:/Users/muthahar/.m2/repository/org/springframework/spring-jcl/6.0.11/spring-jcl-6.0.11.jar:/Users/muthahar/.m2/repository/org/springframework/spring-test/6.0.11/spring-test-6.0.11.jar:/Users/muthahar/.m2/repository/org/xmlunit/xmlunit-core/2.9.1/xmlunit-core-2.9.1.jar:"/>
    <property name="java.vm.vendor" value="Eclipse Adoptium"/>
    <property name="sun.arch.data.model" value="64"/>
    <property name="java.vendor.url" value="https://adoptium.net/"/>
    <property name="user.timezone" value="America/New_York"/>
    <property name="os.name" value="Mac OS X"/>
    <property name="java.vm.specification.version" value="17"/>
    <property name="sun.java.launcher" value="SUN_STANDARD"/>
    <property name="user.country" value="IN"/>
    <property name="sun.boot.library.path" value="/Users/muthahar/.p2/pool/plugins/org.eclipse.justj.openjdk.hotspot.jre.full.macosx.x86_64_17.0.2.v20220201-1208/jre/lib"/>
    <property name="sun.java.command" value="/Users/muthahar/Desktop/spring/springboot-camel/target/surefire/surefirebooter-20230908113755164_3.jar /Users/muthahar/Desktop/spring/springboot-camel/target/surefire 2023-09-08T11-37-54_766-jvmRun1 surefire-20230908113755164_1tmp surefire_0-20230908113755164_2tmp"/>
    <property name="http.nonProxyHosts" value="local|*.local|169.254/16|*.169.254/16"/>
    <property name="jdk.debug" value="release"/>
    <property name="surefire.test.class.path" value="/Users/muthahar/Desktop/spring/springboot-camel/target/test-classes:/Users/muthahar/Desktop/spring/springboot-camel/target/classes:/Users/muthahar/.m2/repository/org/springframework/boot/spring-boot-starter-web/3.1.3/spring-boot-starter-web-3.1.3.jar:/Users/muthahar/.m2/repository/org/springframework/boot/spring-boot-starter/3.1.3/spring-boot-starter-3.1.3.jar:/Users/muthahar/.m2/repository/org/springframework/boot/spring-boot-starter-logging/3.1.3/spring-boot-starter-logging-3.1.3.jar:/Users/muthahar/.m2/repository/ch/qos/logback/logback-classic/1.4.11/logback-classic-1.4.11.jar:/Users/muthahar/.m2/repository/ch/qos/logback/logback-core/1.4.11/logback-core-1.4.11.jar:/Users/muthahar/.m2/repository/org/apache/logging/log4j/log4j-to-slf4j/2.20.0/log4j-to-slf4j-2.20.0.jar:/Users/muthahar/.m2/repository/org/apache/logging/log4j/log4j-api/2.20.0/log4j-api-2.20.0.jar:/Users/muthahar/.m2/repository/org/slf4j/jul-to-slf4j/2.0.7/jul-to-slf4j-2.0.7.jar:/Users/muthahar/.m2/repository/jakarta/annotation/jakarta.annotation-api/2.1.1/jakarta.annotation-api-2.1.1.jar:/Users/muthahar/.m2/repository/org/yaml/snakeyaml/1.33/snakeyaml-1.33.jar:/Users/muthahar/.m2/repository/org/springframework/boot/spring-boot-starter-json/3.1.3/spring-boot-starter-json-3.1.3.jar:/Users/muthahar/.m2/repository/com/fasterxml/jackson/core/jackson-databind/2.15.2/jackson-databind-2.15.2.jar:/Users/muthahar/.m2/repository/com/fasterxml/jackson/core/jackson-annotations/2.15.2/jackson-annotations-2.15.2.jar:/Users/muthahar/.m2/repository/com/fasterxml/jackson/core/jackson-core/2.15.2/jackson-core-2.15.2.jar:/Users/muthahar/.m2/repository/com/fasterxml/jackson/datatype/jackson-datatype-jdk8/2.15.2/jackson-datatype-jdk8-2.15.2.jar:/Users/muthahar/.m2/repository/com/fasterxml/jackson/datatype/jackson-datatype-jsr310/2.15.2/jackson-datatype-jsr310-2.15.2.jar:/Users/muthahar/.m2/repository/com/fasterxml/jackson/module/jackson-module-parameter-names/2.15.2/jackson-module-parameter-names-2.15.2.jar:/Users/muthahar/.m2/repository/org/springframework/boot/spring-boot-starter-tomcat/3.1.3/spring-boot-starter-tomcat-3.1.3.jar:/Users/muthahar/.m2/repository/org/apache/tomcat/embed/tomcat-embed-core/10.1.12/tomcat-embed-core-10.1.12.jar:/Users/muthahar/.m2/repository/org/apache/tomcat/embed/tomcat-embed-el/10.1.12/tomcat-embed-el-10.1.12.jar:/Users/muthahar/.m2/repository/org/apache/tomcat/embed/tomcat-embed-websocket/10.1.12/tomcat-embed-websocket-10.1.12.jar:/Users/muthahar/.m2/repository/org/springframework/spring-web/6.0.11/spring-web-6.0.11.jar:/Users/muthahar/.m2/repository/org/springframework/spring-beans/6.0.11/spring-beans-6.0.11.jar:/Users/muthahar/.m2/repository/io/micrometer/micrometer-observation/1.11.3/micrometer-observation-1.11.3.jar:/Users/muthahar/.m2/repository/io/micrometer/micrometer-commons/1.11.3/micrometer-commons-1.11.3.jar:/Users/muthahar/.m2/repository/org/springframework/spring-webmvc/6.0.11/spring-webmvc-6.0.11.jar:/Users/muthahar/.m2/repository/org/springframework/spring-aop/6.0.11/spring-aop-6.0.11.jar:/Users/muthahar/.m2/repository/org/springframework/spring-context/6.0.11/spring-context-6.0.11.jar:/Users/muthahar/.m2/repository/org/springframework/spring-expression/6.0.11/spring-expression-6.0.11.jar:/Users/muthahar/.m2/repository/org/apache/camel/springboot/camel-spring-boot-starter/4.0.0/camel-spring-boot-starter-4.0.0.jar:/Users/muthahar/.m2/repository/org/apache/camel/springboot/camel-spring-boot/4.0.0/camel-spring-boot-4.0.0.jar:/Users/muthahar/.m2/repository/org/apache/camel/camel-spring/4.0.0/camel-spring-4.0.0.jar:/Users/muthahar/.m2/repository/org/apache/camel/camel-management-api/4.0.0/camel-management-api-4.0.0.jar:/Users/muthahar/.m2/repository/org/springframework/spring-tx/6.0.11/spring-tx-6.0.11.jar:/Users/muthahar/.m2/repository/org/apache/camel/camel-spring-main/4.0.0/camel-spring-main-4.0.0.jar:/Users/muthahar/.m2/repository/org/apache/camel/camel-main/4.0.0/camel-main-4.0.0.jar:/Users/muthahar/.m2/repository/org/apache/camel/camel-base/4.0.0/camel-base-4.0.0.jar:/Users/muthahar/.m2/repository/org/apache/camel/camel-core-languages/4.0.0/camel-core-languages-4.0.0.jar:/Users/muthahar/.m2/repository/org/apache/camel/camel-util-json/4.0.0/camel-util-json-4.0.0.jar:/Users/muthahar/.m2/repository/org/apache/camel/camel-cloud/4.0.0/camel-cloud-4.0.0.jar:/Users/muthahar/.m2/repository/org/apache/camel/camel-core-model/4.0.0/camel-core-model-4.0.0.jar:/Users/muthahar/.m2/repository/org/apache/camel/camel-core-processor/4.0.0/camel-core-processor-4.0.0.jar:/Users/muthahar/.m2/repository/org/apache/camel/camel-cluster/4.0.0/camel-cluster-4.0.0.jar:/Users/muthahar/.m2/repository/org/apache/camel/camel-base-engine/4.0.0/camel-base-engine-4.0.0.jar:/Users/muthahar/.m2/repository/org/apache/camel/camel-health/4.0.0/camel-health-4.0.0.jar:/Users/muthahar/.m2/repository/org/apache/camel/springboot/camel-core-starter/4.0.0/camel-core-starter-4.0.0.jar:/Users/muthahar/.m2/repository/org/apache/camel/camel-core-engine/4.0.0/camel-core-engine-4.0.0.jar:/Users/muthahar/.m2/repository/org/apache/camel/camel-api/4.0.0/camel-api-4.0.0.jar:/Users/muthahar/.m2/repository/org/apache/camel/camel-core-reifier/4.0.0/camel-core-reifier-4.0.0.jar:/Users/muthahar/.m2/repository/org/apache/camel/camel-support/4.0.0/camel-support-4.0.0.jar:/Users/muthahar/.m2/repository/org/apache/camel/camel-util/4.0.0/camel-util-4.0.0.jar:/Users/muthahar/.m2/repository/org/apache/camel/springboot/camel-bean-starter/4.0.0/camel-bean-starter-4.0.0.jar:/Users/muthahar/.m2/repository/org/apache/camel/camel-bean/4.0.0/camel-bean-4.0.0.jar:/Users/muthahar/.m2/repository/org/apache/camel/springboot/camel-browse-starter/4.0.0/camel-browse-starter-4.0.0.jar:/Users/muthahar/.m2/repository/org/apache/camel/camel-browse/4.0.0/camel-browse-4.0.0.jar:/Users/muthahar/.m2/repository/org/apache/camel/springboot/camel-controlbus-starter/4.0.0/camel-controlbus-starter-4.0.0.jar:/Users/muthahar/.m2/repository/org/apache/camel/camel-controlbus/4.0.0/camel-controlbus-4.0.0.jar:/Users/muthahar/.m2/repository/org/apache/camel/springboot/camel-dataformat-starter/4.0.0/camel-dataformat-starter-4.0.0.jar:/Users/muthahar/.m2/repository/org/apache/camel/camel-dataformat/4.0.0/camel-dataformat-4.0.0.jar:/Users/muthahar/.m2/repository/org/apache/camel/springboot/camel-dataset-starter/4.0.0/camel-dataset-starter-4.0.0.jar:/Users/muthahar/.m2/repository/org/apache/camel/camel-dataset/4.0.0/camel-dataset-4.0.0.jar:/Users/muthahar/.m2/repository/org/apache/camel/springboot/camel-direct-starter/4.0.0/camel-direct-starter-4.0.0.jar:/Users/muthahar/.m2/repository/org/apache/camel/camel-direct/4.0.0/camel-direct-4.0.0.jar:/Users/muthahar/.m2/repository/org/apache/camel/springboot/camel-file-starter/4.0.0/camel-file-starter-4.0.0.jar:/Users/muthahar/.m2/repository/org/apache/camel/camel-file/4.0.0/camel-file-4.0.0.jar:/Users/muthahar/.m2/repository/org/apache/camel/springboot/camel-language-starter/4.0.0/camel-language-starter-4.0.0.jar:/Users/muthahar/.m2/repository/org/apache/camel/camel-language/4.0.0/camel-language-4.0.0.jar:/Users/muthahar/.m2/repository/org/apache/camel/springboot/camel-log-starter/4.0.0/camel-log-starter-4.0.0.jar:/Users/muthahar/.m2/repository/org/apache/camel/camel-log/4.0.0/camel-log-4.0.0.jar:/Users/muthahar/.m2/repository/org/apache/camel/springboot/camel-mock-starter/4.0.0/camel-mock-starter-4.0.0.jar:/Users/muthahar/.m2/repository/org/apache/camel/camel-mock/4.0.0/camel-mock-4.0.0.jar:/Users/muthahar/.m2/repository/org/apache/camel/springboot/camel-ref-starter/4.0.0/camel-ref-starter-4.0.0.jar:/Users/muthahar/.m2/repository/org/apache/camel/camel-ref/4.0.0/camel-ref-4.0.0.jar:/Users/muthahar/.m2/repository/org/apache/camel/springboot/camel-rest-starter/4.0.0/camel-rest-starter-4.0.0.jar:/Users/muthahar/.m2/repository/org/apache/camel/camel-rest/4.0.0/camel-rest-4.0.0.jar:/Users/muthahar/.m2/repository/org/apache/camel/camel-tooling-model/4.0.0/camel-tooling-model-4.0.0.jar:/Users/muthahar/.m2/repository/org/apache/camel/springboot/camel-saga-starter/4.0.0/camel-saga-starter-4.0.0.jar:/Users/muthahar/.m2/repository/org/apache/camel/camel-saga/4.0.0/camel-saga-4.0.0.jar:/Users/muthahar/.m2/repository/org/apache/camel/springboot/camel-scheduler-starter/4.0.0/camel-scheduler-starter-4.0.0.jar:/Users/muthahar/.m2/repository/org/apache/camel/camel-scheduler/4.0.0/camel-scheduler-4.0.0.jar:/Users/muthahar/.m2/repository/org/apache/camel/springboot/camel-seda-starter/4.0.0/camel-seda-starter-4.0.0.jar:/Users/muthahar/.m2/repository/org/apache/camel/camel-seda/4.0.0/camel-seda-4.0.0.jar:/Users/muthahar/.m2/repository/org/apache/camel/springboot/camel-stub-starter/4.0.0/camel-stub-starter-4.0.0.jar:/Users/muthahar/.m2/repository/org/apache/camel/camel-stub/4.0.0/camel-stub-4.0.0.jar:/Users/muthahar/.m2/repository/org/apache/camel/springboot/camel-timer-starter/4.0.0/camel-timer-starter-4.0.0.jar:/Users/muthahar/.m2/repository/org/apache/camel/camel-timer/4.0.0/camel-timer-4.0.0.jar:/Users/muthahar/.m2/repository/org/apache/camel/springboot/camel-validator-starter/4.0.0/camel-validator-starter-4.0.0.jar:/Users/muthahar/.m2/repository/org/apache/camel/camel-validator/4.0.0/camel-validator-4.0.0.jar:/Users/muthahar/.m2/repository/org/apache/camel/springboot/camel-xpath-starter/4.0.0/camel-xpath-starter-4.0.0.jar:/Users/muthahar/.m2/repository/org/apache/camel/camel-xpath/4.0.0/camel-xpath-4.0.0.jar:/Users/muthahar/.m2/repository/org/apache/camel/springboot/camel-xslt-starter/4.0.0/camel-xslt-starter-4.0.0.jar:/Users/muthahar/.m2/repository/org/apache/camel/camel-xslt/4.0.0/camel-xslt-4.0.0.jar:/Users/muthahar/.m2/repository/org/apache/camel/springboot/camel-xml-jaxp-starter/4.0.0/camel-xml-jaxp-starter-4.0.0.jar:/Users/muthahar/.m2/repository/org/apache/camel/camel-xml-jaxp/4.0.0/camel-xml-jaxp-4.0.0.jar:/Users/muthahar/.m2/repository/org/apache/camel/camel-xml-jaxp-util/4.0.0/camel-xml-jaxp-util-4.0.0.jar:/Users/muthahar/.m2/repository/org/apache/camel/camel-xml-io-util/4.0.0/camel-xml-io-util-4.0.0.jar:/Users/muthahar/.m2/repository/org/springframework/boot/spring-boot-devtools/3.1.3/spring-boot-devtools-3.1.3.jar:/Users/muthahar/.m2/repository/org/springframework/boot/spring-boot/3.1.3/spring-boot-3.1.3.jar:/Users/muthahar/.m2/repository/org/springframework/boot/spring-boot-autoconfigure/3.1.3/spring-boot-autoconfigure-3.1.3.jar:/Users/muthahar/.m2/repository/org/springframework/boot/spring-boot-starter-test/3.1.3/spring-boot-starter-test-3.1.3.jar:/Users/muthahar/.m2/repository/org/springframework/boot/spring-boot-test/3.1.3/spring-boot-test-3.1.3.jar:/Users/muthahar/.m2/repository/org/springframework/boot/spring-boot-test-autoconfigure/3.1.3/spring-boot-test-autoconfigure-3.1.3.jar:/Users/muthahar/.m2/repository/com/jayway/jsonpath/json-path/2.8.0/json-path-2.8.0.jar:/Users/muthahar/.m2/repository/org/slf4j/slf4j-api/2.0.7/slf4j-api-2.0.7.jar:/Users/muthahar/.m2/repository/jakarta/xml/bind/jakarta.xml.bind-api/4.0.0/jakarta.xml.bind-api-4.0.0.jar:/Users/muthahar/.m2/repository/jakarta/activation/jakarta.activation-api/2.1.2/jakarta.activation-api-2.1.2.jar:/Users/muthahar/.m2/repository/net/minidev/json-smart/2.4.11/json-smart-2.4.11.jar:/Users/muthahar/.m2/repository/net/minidev/accessors-smart/2.4.11/accessors-smart-2.4.11.jar:/Users/muthahar/.m2/repository/org/ow2/asm/asm/9.3/asm-9.3.jar:/Users/muthahar/.m2/repository/org/assertj/assertj-core/3.24.2/assertj-core-3.24.2.jar:/Users/muthahar/.m2/repository/net/bytebuddy/byte-buddy/1.14.6/byte-buddy-1.14.6.jar:/Users/muthahar/.m2/repository/org/hamcrest/hamcrest/2.2/hamcrest-2.2.jar:/Users/muthahar/.m2/repository/org/junit/jupiter/junit-jupiter/5.9.3/junit-jupiter-5.9.3.jar:/Users/muthahar/.m2/repository/org/junit/jupiter/junit-jupiter-api/5.9.3/junit-jupiter-api-5.9.3.jar:/Users/muthahar/.m2/repository/org/opentest4j/opentest4j/1.2.0/opentest4j-1.2.0.jar:/Users/muthahar/.m2/repository/org/junit/platform/junit-platform-commons/1.9.3/junit-platform-commons-1.9.3.jar:/Users/muthahar/.m2/repository/org/apiguardian/apiguardian-api/1.1.2/apiguardian-api-1.1.2.jar:/Users/muthahar/.m2/repository/org/junit/jupiter/junit-jupiter-params/5.9.3/junit-jupiter-params-5.9.3.jar:/Users/muthahar/.m2/repository/org/junit/jupiter/junit-jupiter-engine/5.9.3/junit-jupiter-engine-5.9.3.jar:/Users/muthahar/.m2/repository/org/junit/platform/junit-platform-engine/1.9.3/junit-platform-engine-1.9.3.jar:/Users/muthahar/.m2/repository/org/mockito/mockito-core/5.3.1/mockito-core-5.3.1.jar:/Users/muthahar/.m2/repository/net/bytebuddy/byte-buddy-agent/1.14.6/byte-buddy-agent-1.14.6.jar:/Users/muthahar/.m2/repository/org/objenesis/objenesis/3.3/objenesis-3.3.jar:/Users/muthahar/.m2/repository/org/mockito/mockito-junit-jupiter/5.3.1/mockito-junit-jupiter-5.3.1.jar:/Users/muthahar/.m2/repository/org/skyscreamer/jsonassert/1.5.1/jsonassert-1.5.1.jar:/Users/muthahar/.m2/repository/com/vaadin/external/google/android-json/0.0.20131108.vaadin1/android-json-0.0.20131108.vaadin1.jar:/Users/muthahar/.m2/repository/org/springframework/spring-core/6.0.11/spring-core-6.0.11.jar:/Users/muthahar/.m2/repository/org/springframework/spring-jcl/6.0.11/spring-jcl-6.0.11.jar:/Users/muthahar/.m2/repository/org/springframework/spring-test/6.0.11/spring-test-6.0.11.jar:/Users/muthahar/.m2/repository/org/xmlunit/xmlunit-core/2.9.1/xmlunit-core-2.9.1.jar:"/>
    <property name="sun.cpu.endian" value="little"/>
    <property name="user.home" value="/Users/muthahar"/>
    <property name="user.language" value="en"/>
    <property name="java.specification.vendor" value="Oracle Corporation"/>
    <property name="java.version.date" value="2022-01-18"/>
    <property name="java.home" value="/Users/muthahar/.p2/pool/plugins/org.eclipse.justj.openjdk.hotspot.jre.full.macosx.x86_64_17.0.2.v20220201-1208/jre"/>
    <property name="file.separator" value="/"/>
    <property name="basedir" value="/Users/muthahar/Desktop/spring/springboot-camel"/>
    <property name="java.vm.compressedOopsMode" value="Zero based"/>
    <property name="line.separator" value="&#10;"/>
    <property name="java.vm.specification.vendor" value="Oracle Corporation"/>
    <property name="java.specification.name" value="Java Platform API Specification"/>
    <property name="FILE_LOG_CHARSET" value="UTF-8"/>
    <property name="java.awt.headless" value="true"/>
    <property name="surefire.real.class.path" value="/Users/muthahar/Desktop/spring/springboot-camel/target/surefire/surefirebooter-20230908113755164_3.jar"/>
    <property name="sun.management.compiler" value="HotSpot 64-Bit Tiered Compilers"/>
    <property name="ftp.nonProxyHosts" value="local|*.local|169.254/16|*.169.254/16"/>
    <property name="java.runtime.version" value="17.0.2+8"/>
    <property name="user.name" value="muthahar"/>
    <property name="path.separator" value=":"/>
    <property name="os.version" value="11.7.9"/>
    <property name="java.runtime.name" value="OpenJDK Runtime Environment"/>
    <property name="file.encoding" value="UTF-8"/>
    <property name="java.vm.name" value="OpenJDK 64-Bit Server VM"/>
    <property name="java.vendor.version" value="Temurin-17.0.2+8"/>
    <property name="localRepository" value="/Users/muthahar/.m2/repository"/>
    <property name="java.vendor.url.bug" value="https://github.com/adoptium/adoptium-support/issues"/>
    <property name="java.io.tmpdir" value="/var/folders/jl/cypd_s3d5wjcppdnxfb0dd0m0000gn/T/"/>
    <property name="java.version" value="17.0.2"/>
    <property name="user.dir" value="/Users/muthahar/Desktop/spring/springboot-camel"/>
    <property name="os.arch" value="x86_64"/>
    <property name="java.vm.specification.name" value="Java Virtual Machine Specification"/>
    <property name="PID" value="71298"/>
    <property name="CONSOLE_LOG_CHARSET" value="UTF-8"/>
    <property name="native.encoding" value="UTF-8"/>
    <property name="java.library.path" value="/Users/muthahar/Library/Java/Extensions:/Library/Java/Extensions:/Network/Library/Java/Extensions:/System/Library/Java/Extensions:/usr/lib/java:."/>
    <property name="java.vm.info" value="mixed mode"/>
    <property name="java.vendor" value="Eclipse Adoptium"/>
    <property name="java.vm.version" value="17.0.2+8"/>
    <property name="sun.io.unicode.encoding" value="UnicodeBig"/>
    <property name="socksNonProxyHosts" value="local|*.local|169.254/16|*.169.254/16"/>
    <property name="java.class.version" value="61.0"/>
  </properties>
  <testcase name="contextLoads" classname="com.mtr.springbootcamel.SpringbootCamelApplicationTests" time="1.618">
    <system-out><![CDATA[11:37:57.134 [main] INFO org.springframework.test.context.support.AnnotationConfigContextLoaderUtils -- Could not detect default configuration classes for test class [com.mtr.springbootcamel.SpringbootCamelApplicationTests]: SpringbootCamelApplicationTests does not declare any static, non-private, non-final, nested classes annotated with @Configuration.
11:37:57.350 [main] INFO org.springframework.boot.test.context.SpringBootTestContextBootstrapper -- Found @SpringBootConfiguration com.mtr.springbootcamel.SpringbootCamelApplication for test class com.mtr.springbootcamel.SpringbootCamelApplicationTests

  .   ____          _            __ _ _
 /\\ / ___'_ __ _ _(_)_ __  __ _ \ \ \ \
( ( )\___ | '_ | '_| | '_ \/ _` | \ \ \ \
 \\/  ___)| |_)| | | | | || (_| |  ) ) ) )
  '  |____| .__|_| |_|_| |_\__, | / / / /
 =========|_|==============|___/=/_/_/_/
 :: Spring Boot ::                (v3.1.3)

2023-09-08T11:37:58.141-04:00  INFO 71298 --- [           main] c.m.s.SpringbootCamelApplicationTests    : Starting SpringbootCamelApplicationTests using Java 17.0.2 with PID 71298 (started by muthahar in /Users/muthahar/Desktop/spring/springboot-camel)
2023-09-08T11:37:58.144-04:00  INFO 71298 --- [           main] c.m.s.SpringbootCamelApplicationTests    : No active profile set, falling back to 1 default profile: "default"
2023-09-08T11:38:01.794-04:00  INFO 71298 --- [           main] o.a.c.impl.engine.AbstractCamelContext   : Apache Camel 4.0.0 (camel-1) is starting
2023-09-08T11:38:01.804-04:00  INFO 71298 --- [           main] o.a.c.impl.engine.AbstractCamelContext   : Routes startup (started:0)
2023-09-08T11:38:01.805-04:00  INFO 71298 --- [           main] o.a.c.impl.engine.AbstractCamelContext   : Apache Camel 4.0.0 (camel-1) started in 7ms (build:0ms init:0ms start:7ms)
2023-09-08T11:38:01.816-04:00  INFO 71298 --- [           main] c.m.s.SpringbootCamelApplicationTests    : Started SpringbootCamelApplicationTests in 4.151 seconds (process running for 6.397)
]]></system-out>
  </testcase>
</testsuite>